<?xml version="1.0" encoding="UTF-8"?>
<!-- Generated by org.testng.reporters.JUnitReportReporter -->
<testsuite hostname="DESKTOP-KA9533D" failures="0" tests="1" name="test.SkedulomaticEndtoEnd" time="77.087" errors="0" timestamp="2023-09-01T10:41:23 IST" skipped="0">
  <testcase classname="test.SkedulomaticEndtoEnd" name="LoginTestCases" time="77.087"/>
</testsuite> <!-- test.SkedulomaticEndtoEnd -->
