<?xml version="1.0" encoding="UTF-8"?>
<!-- Generated by org.testng.reporters.JUnitReportReporter -->
<testsuite hostname="DESKTOP-KA9533D" failures="0" tests="1" name="test.IntelomaticEndtoEnd" time="168.489" errors="0" timestamp="2023-08-28T18:26:18 IST" skipped="0">
  <testcase classname="test.IntelomaticEndtoEnd" name="LoginTestCases" time="168.489"/>
</testsuite> <!-- test.IntelomaticEndtoEnd -->
